<?xml version="1.0" encoding="UTF-8"?>
<coverage generated="1764946231">
  <project timestamp="1764946231" name="Clover Coverage">
    <package name="App\Models">
      <file name="/Users/user/Documents/Projects/php-project-57/app/Models/Label.php">
        <class name="App\Models\Label" namespace="App\Models">
          <metrics complexity="1" methods="1" coveredmethods="1" conditionals="0" coveredconditionals="0" statements="1" coveredstatements="1" elements="2" coveredelements="2"/>
        </class>
        <line num="23" type="method" name="tasks" visibility="public" complexity="1" crap="1" count="2"/>
        <line num="25" type="stmt" count="2"/>
        <metrics loc="28" ncloc="20" classes="1" methods="1" coveredmethods="1" conditionals="0" coveredconditionals="0" statements="1" coveredstatements="1" elements="2" coveredelements="2"/>
      </file>
      <file name="/Users/user/Documents/Projects/php-project-57/app/Models/Task.php">
        <class name="App\Models\Task" namespace="App\Models">
          <metrics complexity="5" methods="5" coveredmethods="4" conditionals="0" coveredconditionals="0" statements="5" coveredstatements="4" elements="10" coveredelements="8"/>
        </class>
        <line num="37" type="method" name="creator" visibility="public" complexity="1" crap="2" count="0"/>
        <line num="39" type="stmt" count="0"/>
        <line num="42" type="method" name="status" visibility="public" complexity="1" crap="1" count="1"/>
        <line num="44" type="stmt" count="1"/>
        <line num="47" type="method" name="assignedTo" visibility="public" complexity="1" crap="1" count="1"/>
        <line num="49" type="stmt" count="1"/>
        <line num="52" type="method" name="labels" visibility="public" complexity="1" crap="1" count="6"/>
        <line num="54" type="stmt" count="6"/>
        <line num="57" type="method" name="createdBy" visibility="public" complexity="1" crap="1" count="1"/>
        <line num="59" type="stmt" count="1"/>
        <metrics loc="62" ncloc="48" classes="1" methods="5" coveredmethods="4" conditionals="0" coveredconditionals="0" statements="5" coveredstatements="4" elements="10" coveredelements="8"/>
      </file>
      <file name="/Users/user/Documents/Projects/php-project-57/app/Models/TaskStatus.php">
        <class name="App\Models\TaskStatus" namespace="App\Models">
          <metrics complexity="1" methods="1" coveredmethods="1" conditionals="0" coveredconditionals="0" statements="1" coveredstatements="1" elements="2" coveredelements="2"/>
        </class>
        <line num="21" type="method" name="tasks" visibility="public" complexity="1" crap="1" count="2"/>
        <line num="23" type="stmt" count="2"/>
        <metrics loc="26" ncloc="20" classes="1" methods="1" coveredmethods="1" conditionals="0" coveredconditionals="0" statements="1" coveredstatements="1" elements="2" coveredelements="2"/>
      </file>
      <file name="/Users/user/Documents/Projects/php-project-57/app/Models/User.php">
        <class name="App\Models\User" namespace="App\Models">
          <metrics complexity="1" methods="1" coveredmethods="1" conditionals="0" coveredconditionals="0" statements="4" coveredstatements="4" elements="5" coveredelements="5"/>
        </class>
        <line num="52" type="method" name="casts" visibility="protected" complexity="1" crap="1" count="48"/>
        <line num="54" type="stmt" count="48"/>
        <line num="55" type="stmt" count="48"/>
        <line num="56" type="stmt" count="48"/>
        <line num="57" type="stmt" count="48"/>
        <metrics loc="60" ncloc="34" classes="1" methods="1" coveredmethods="1" conditionals="0" coveredconditionals="0" statements="4" coveredstatements="4" elements="5" coveredelements="5"/>
      </file>
    </package>
    <metrics files="4" loc="176" ncloc="122" classes="4" methods="8" coveredmethods="7" conditionals="0" coveredconditionals="0" statements="11" coveredstatements="10" elements="19" coveredelements="17"/>
  </project>
</coverage>
